www-inst.eecs.berkeley.edu GET /~ee122/fa13/ HTTP/1.1 200 273
www-inst.eecs.berkeley.edu GET /~ee122/fa13/ HTTP/1.1 200 273
www-inst.eecs.berkeley.edu GET /~ee122/fa13/content.html HTTP/1.1 200 2925
www-inst.eecs.berkeley.edu GET /~ee122/fa13/overview.html HTTP/1.1 200 2646
www.eecs.berkeley.edu GET /Includes/EECS-images/eecslogo.gif HTTP/1.1 200 828
www-inst.eecs.berkeley.edu GET /~ee122/fa13/images/Keycard_A.png HTTP/1.1 200 324
www-inst.eecs.berkeley.edu GET /~ee122/fa13/images/Book.png HTTP/1.1 200 174
yahoo.com GET / HTTP/1.1 301 211
www.yahoo.com GET / HTTP/1.1 200 -1
l.yimg.com GET /zz/combo?nn/lib/metro/g/ui/base_0.0.9.css&nn/lib/metro/g/ui/helpers_0.0.7.css&nn/lib/metro/g/ui/typography_0.0.2.css&nn/lib/metro/g/theme/default/common_0.0.34.css&nn/lib/metro/g/theme/default/desktop_0.0.89.css&nn/lib/metro/g/theme/hr_blue_0.0.15.css&nn/lib/metro/g/uiplugins/lazy_image_0.0.4.css&nn/lib/metro/g/uiplugins/modal_service_0.0.2.css&nn/lib/metro/g/uiplugins/iframeshim_service_0.0.11.css&nn/lib/metro/g/uiplugins/menu_service_0.1.11.css&nn/lib/metro/g/uicontrib/ld_renderer_0.0.10.css&nn/lib/metro/g/uiplugins/tooltip_service_1.0.12.css&nn/lib/metro/g/uiplugins/tablite_service_desktop_0.0.14.css&nn/lib/metro/g/uiplugins/tablist_service_0.1.14.css&nn/lib/metro/g/uiplugins/tablist_default_0.1.15.css&nn/lib/metro/g/uiplugins/tablist_service_vertical_0.0.1.css&nn/lib/metro/g/uiplugins/carousel_service_0.1.18.css HTTP/1.1 200 16027
l3.yimg.com GET /nn/lib/metro/p2.gif HTTP/1.1 200 44
l4.yimg.com GET /nn/lib/metro/p2.gif HTTP/1.1 200 44
l2.yimg.com GET /nn/lib/metro/p2.gif HTTP/1.1 200 44
l.yimg.com GET /rz/l/favicon.ico HTTP/1.1 200 5430
l.yimg.com GET /zz/combo?nn/lib/metro/g/breakingnews/breakingnews_0.0.51.css HTTP/1.1 200 659
l.yimg.com GET /zz/combo?nn/lib/metro/g/fp/fp_500_0.0.120.css&nn/lib/metro/g/universalheader/universalheader_0.0.32.css&nn/lib/metro/g/tabbar/tabbar_0.0.130.css&nn/lib/metro/g/uiplugins/login_service_0.0.3.css&nn/lib/metro/g/login/login_0.0.73.css&nn/lib/metro/g/mail/mail_0.0.56.css&nn/lib/metro/g/mail/mail_403_0.0.55.css&nn/lib/metro/g/windowshade/windowshade_0.0.10.css&nn/lib/metro/g/navrail/navrail_0.0.97.css&nn/lib/metro/g/sda/sda_0.1.47.css&nn/lib/metro/g/adsfallback/adsfallback_0.0.50.css&nn/lib/metro/g/trendingnow/trendingnow_0.0.39.css&nn/lib/metro/g/appscontainer/appscontainer_base_0.0.6.css&nn/lib/metro/g/appscontainer/appscontainer_desktop_0.0.54.css&nn/lib/metro/g/weather/weather_0.1.51.css&nn/lib/metro/g/location/location_0.0.19.css&nn/lib/metro/g/finance/finance_base_0.0.6.css&nn/lib/metro/g/finance/finance_0.1.139.css&nn/lib/metro/g/sportacular/sportacular_0.0.47.css&nn/lib/metro/g/flickr/flickr_0.0.18.css&nn/lib/metro/g/topvideos/topvideos_base_0.0.9.css&nn/lib/metro/g/topvideos/topvideos_0.0.23.css&nn/lib/metro/g/birthday/birthday_0.0.22.css&nn/lib/metro/g/horoscope/horoscope_base_0.0.3.css&nn/lib/metro/g/horoscope/horoscope_0.1.88.css&nn/lib/metro/g/comics/comics_0.0.18.css&nn/lib/metro/g/footer/subfooter_0.0.34.css&nn/lib/metro/g/todaycontainer/todaycontainer_0.0.10.css&nn/lib/metro/g/fptoday/fptoday_flex_0.1.84.css&nn/lib/metro/g/offlead/offlead_0.0.27.css&nn/lib/metro/g/fstream/fstream_desktop_0.0.27.css&nn/lib/metro/g/stream/stream_0.0.297.css&nn/lib/metro/g/stream/rmx_ads_0.0.9.css&nn/lib/metro/g/stream/stream_tweets_0.0.29.css&nn/lib/metro/g/stream/stream_action_drawer_desktop_0.0.20.css&nn/lib/metro/g/masthead/masthead_homerun_0.0.45.css&nn/lib/metro/g/masthead/masthead_sayt_0.0.1.css HTTP/1.1 200 27965
l4.yimg.com GET /nn/lib/metro/p1.gif HTTP/1.1 200 44
l.yimg.com GET /nn/lib/metro/p1.gif HTTP/1.1 200 44
l.yimg.com GET /kx/yucs/uh3/uh/js/42/ai.min.js HTTP/1.1 200 2923
l.yimg.com GET /nn/lib/metro/p2.gif HTTP/1.1 200 44
l3.yimg.com GET /nn/lib/metro/p1.gif HTTP/1.1 200 44
l2.yimg.com GET /nn/lib/metro/p1.gif HTTP/1.1 200 44
l1.yimg.com GET /nn/lib/metro/p1.gif HTTP/1.1 200 44
l1.yimg.com GET /nn/lib/metro/p2.gif HTTP/1.1 200 44
l.yimg.com GET /rz/l/yahoo_en-US_f_p_142x37.png HTTP/1.1 200 5301
l.yimg.com GET /rz/l/ai_large_purple.json?format=json&callback=Aniden.showJson HTTP/1.1 200 736
l1.yimg.com GET /dh/ap/default/131121/pc_icons_btns_sprite_1121_3pm.png HTTP/1.1 200 57269
l.yimg.com GET /rz/l/ai_pieface_large_purple.png HTTP/1.1 200 10346
l3.yimg.com GET /os/mit/media/m/base/images/transparent-95031.png HTTP/1.1 200 205
l2.yimg.com GET /lo/api/res/1.2/SAJ0GZQDuo01wcKw8wleyQ--/YXBwaWQ9eWhvbWVydW4-/http://media.zenfs.com/en_us/News/ucomics.com/dt131126.gif HTTP/1.1 200 28968
l3.yimg.com GET /lo/api/res/1.2/A66qPQW8uDXbo4YVWhKFiw--/YXBwaWQ9eWhvbWVydW4-/http://media.zenfs.com/en_us/News/ucomics.com/dt131129.gif HTTP/1.1 200 33604
l1.yimg.com GET /lo/api/res/1.2/V_HaYzC5W2Dz2yngaNJagw--/YXBwaWQ9eWhvbWVydW4-/http://media.zenfs.com/en_us/News/ucomics.com/dt131128.gif HTTP/1.1 200 29917
l1.yimg.com GET /lo/api/res/1.2/mYKsw4mQDPhTOEt78b.TxQ--/YXBwaWQ9eWhvbWVydW4-/http://media.zenfs.com/en_us/News/ucomics.com/dt131127.gif HTTP/1.1 200 32063
l1.yimg.com GET /lo/api/res/1.2/8LtOW1VC8aBq8ywj4Xwd5w--/YXBwaWQ9eWhvbWVydW4-/http://media.zenfs.com/en_us/News/ucomics.com/dt131202.gif HTTP/1.1 200 27566
l1.yimg.com GET /lo/api/res/1.2/zQsOAEj2QoOgY1InRlU2FA--/YXBwaWQ9eWhvbWVydW4-/http://media.zenfs.com/en_us/News/ucomics.com/dt131205.gif HTTP/1.1 200 26300
l2.yimg.com GET /lo/api/res/1.2/Q45frU5KtKXODo7q9ZbtsA--/YXBwaWQ9eWhvbWVydW4-/http://media.zenfs.com/en_us/News/ucomics.com/dt131130.gif HTTP/1.1 200 32387
l2.yimg.com GET /lo/api/res/1.2/S3YdLA.5J0YFDXFAWl3YGQ--/YXBwaWQ9eWhvbWVydW4-/http://media.zenfs.com/en_us/News/ucomics.com/dt131203.gif HTTP/1.1 200 26297
l3.yimg.com GET /lo/api/res/1.2/.DLsxCv6ZX.Py9QN7VDyzA--/YXBwaWQ9eWhvbWVydW4-/http://media.zenfs.com/en_us/News/ucomics.com/dt131201.jpg HTTP/1.1 200 49937
l3.yimg.com GET /lo/api/res/1.2/DhQBliWkmdsx8uKOGn3z1g--/YXBwaWQ9eWhvbWVydW4-/http://media.zenfs.com/en_us/News/ucomics.com/dt131204.gif HTTP/1.1 200 26747
l3.yimg.com GET /dh/ap/default/130118/video_15x11.png HTTP/1.1 200 161
ads.yldmgrimg.net GET /apex/mediastore/adchoice_1.png HTTP/1.1 200 331
l1.yimg.com GET /dh/ap/default/130625/pc_icons_video_sprite_0624_9pm.png HTTP/1.1 200 3271
l2.yimg.com GET /dh/ap/default/130122/finance_icons_sprite2_01.png HTTP/1.1 200 222
l1.yimg.com GET /nn/fp/rsz/120413/images/smush/klumself_120x48_1386185690.jpg HTTP/1.1 200 3203
l1.yimg.com GET /nn/fp/rsz/120413/images/smush/tebow_635x250_1386184568.jpg HTTP/1.1 200 42654
l4.yimg.com GET /nn/fp/rsz/120413/images/smush/tebow_120x48_1386184568.jpg HTTP/1.1 200 4165
l1.yimg.com GET /nn/fp/rsz/120413/images/smush/KrispyKremecomeback_120x48_1386194585.jpg HTTP/1.1 200 4826
l4.yimg.com GET /nn/fp/rsz/120413/images/smush/puppies_120x48_1386118572.jpg HTTP/1.1 200 4271
l2.yimg.com GET /nn/fp/rsz/120513/images/smush/heidispencer_120x48_1386212186.jpg HTTP/1.1 200 4181
l.yimg.com GET /zz/combo?nn/lib/metro/g/yui/yui-base_3.8.2.js HTTP/1.1 200 13382
l.yimg.com GET /d/lib/3pm/cs_0.2.js HTTP/1.1 200 882
csc.beap.bc.yahoo.com GET /yi?bv=1.0.0&bs=(136t088fi(gid$zDBe_s6.J4t0u_ESVW4V0BBvYviQnVKgMVoAAsUN,st$1386230106216645,si$4452051,sp$2023538075,pv$1,v$2.0))&t=J_3-D_3&al=(as$12rnd398d,aid$IN_uR2KLc2I-,bi$1619769051,cr$3244628551,ct$25,at$H,eob$gd1_match_id=-1:ypos=TL1)(as$12rm67s0o,aid$4MbtR2KLc2I-,bi$1997722051,cr$3814024051,ct$25,at$H,eob$gd1_match_id=-1:ypos=FPAD)(as$12r309jn4,aid$MCXvR2KLc2I-,bi$1999837551,cr$3824807551,ct$25,at$H,eob$gd1_match_id=-1:ypos=FPAD2)(as$125eb7qdi,aid$8AzuR2KLc2I-,cr$-1,ct$25,at$H,eob$gd1_match_id=-1:ypos=HDLN2)&s=0&r=0.7135201037683835 HTTP/1.1 200 -1
l.yimg.com GET /zz/combo?nn/lib/metro/g/uicontrib/rapid_v3_3.7.0.js&nn/lib/metro/g/yui/oop_3.8.1.js&nn/lib/metro/g/yui/event-custom-base_3.8.1.js&nn/lib/metro/g/yui/event-base_3.8.1.js&nn/lib/metro/g/yui/io-base_3.8.1.js&nn/lib/metro/g/yui/json-parse_3.8.1.js&nn/lib/metro/g/yui/json-stringify_3.8.1.js&nn/lib/metro/g/yui/cookie_3.8.1.js&nn/lib/metro/g/yui/dom-core_3.8.1.js&nn/lib/metro/g/yui/dom-base_3.8.1.js&nn/lib/metro/g/yui/dom-style_3.8.1.js&nn/lib/metro/g/yui/dom-screen_3.8.1.js&nn/lib/metro/g/yui/selector-native_3.8.1.js&nn/lib/metro/g/yui/selector_3.8.1.js&nn/lib/metro/g/yui/node-core_3.8.1.js&nn/lib/metro/g/yui/node-base_3.8.1.js&nn/lib/metro/g/yui/event-delegate_3.8.1.js&nn/lib/metro/g/yui/node-event-delegate_3.8.1.js&nn/lib/metro/g/yui/pluginhost-base_3.8.1.js&nn/lib/metro/g/yui/pluginhost-config_3.8.1.js&nn/lib/metro/g/yui/node-pluginhost_3.8.1.js&nn/lib/metro/g/yui/node-screen_3.8.1.js&nn/lib/metro/g/yui/node-style_3.8.1.js&nn/lib/metro/g/yui/event-custom-complex_3.8.1.js&nn/lib/metro/g/yui/event-synthetic_3.8.1.js&nn/lib/metro/g/yui/event-focus_3.8.1.js&nn/lib/metro/g/yui/transition_3.8.2.js&nn/lib/metro/g/yui/jsonp_3.8.1.js&nn/lib/metro/g/yui/jsonp-url_3.8.1.js&nn/lib/metro/g/yui/loader-base_3.8.1.js&nn/lib/metro/g/yui/loader-yui3_3.8.1.js&nn/lib/metro/g/yui/node-deprecated_3.8.1.js&nn/lib/metro/g/yui/gallery-storage-lite_3.8.1.js&nn/lib/metro/g/yui/selector-css2_3.8.1.js&nn/lib/metro/g/yui/selector-css3_3.8.1.js&nn/lib/metro/g/yui/substitute_3.8.1.js&nn/lib/metro/g/uicontrib/dali/module_platform_1.1.15.js&nn/lib/metro/g/uicontrib/dali/resourcemgr_1.1.14.js&nn/lib/metro/g/uicontrib/dali/dali_transport_1.1.34.js&nn/lib/metro/g/uicontrib/dali/metro_dali_1.0.27.js&nn/lib/metro/g/uicontrib/dali/module_api_1.1.16.js&nn/lib/metro/g/uicontrib/dali/yui_service_0.1.17.js HTTP/1.1 200 72715
b.scorecardresearch.com GET /p?c1=2&c2=7241469&c4=http%253A%252F%252Fwww.yahoo.com&c5=2023538075&ns__t=1386230130228&ns_c=UTF-8 HTTP/1.1 302 0
b.scorecardresearch.com GET /p2?c1=2&c2=7241469&c4=http%253A%252F%252Fwww.yahoo.com&c5=2023538075&ns__t=1386230130228&ns_c=UTF-8 HTTP/1.1 200 43
l.yimg.com GET /zz/combo?nn/lib/metro/g/uiplugins/metro_viewtype_0.1.24.js&nn/lib/metro/g/uiplugins/default_viewtype_0.1.61.js&nn/lib/metro/g/uiplugins/edit_viewtype_0.1.40.js&nn/lib/metro/g/uicontrib/ylc_1.8.22.js&nn/lib/metro/g/uiplugins/instrumentation_service_0.1.104.js&nn/lib/metro/g/uiplugins/metrologger_service_0.1.19.js&nn/lib/metro/g/uiplugins/autohide_service_0.1.15.js&nn/lib/metro/g/uiplugins/sethomepage_service_0.0.33.js&nn/lib/metro/g/uiplugins/lazy_image_0.0.10.js&nn/lib/metro/g/uiplugins/sticky_position_service_0.0.12.js&nn/lib/metro/g/uiplugins/userinfo_service_0.1.16.js&nn/lib/metro/g/uiplugins/statemgr_service_0.1.20.js&nn/lib/metro/g/uiplugins/modal_service_0.0.4.js&nn/lib/metro/g/uiplugins/aria_service_0.1.18.js&nn/lib/metro/g/uiplugins/iframeshim_service_0.0.18.js&nn/lib/metro/g/uiplugins/menu_service_0.1.20.js&nn/lib/metro/g/uiplugins/arcade_transport_1.0.15.js&nn/lib/metro/g/uicontrib/base64_0.0.2.js&nn/lib/metro/g/uicontrib/ld_geo_0.0.2.js&nn/lib/metro/g/uicontrib/ld_geocoder_0.0.4.js&nn/lib/metro/g/uicontrib/ld_autosuggest_0.0.6.js&nn/lib/metro/g/uicontrib/ld_yql_0.0.12.js&nn/lib/metro/g/uicontrib/ld_core_0.0.2.js&nn/lib/metro/g/uicontrib/ld_widget_0.0.16.js&nn/lib/metro/g/uicontrib/ld_renderer_0.0.2.js&nn/lib/metro/g/uiplugins/ld_service_0.0.3.js&nn/lib/metro/g/uiplugins/tooltip_service_0.1.56.js&nn/lib/metro/g/uiplugins/location_service_0.0.10.js&nn/lib/metro/g/uiplugins/tablite_service_0.0.10.js&nn/lib/metro/g/uiplugins/tablist_service_0.1.44.js&nn/lib/metro/g/uiplugins/carousel_service_0.1.60.js&nn/lib/metro/g/uicontrib/cms_logo_0.1.8.js HTTP/1.1 200 36201
l.yimg.com GET /zz/combo?nn/lib/metro/g/sda/sda_bridge_service_0.0.13.js&nn/lib/metro/g/fp/fp_0.1.156.js&nn/lib/metro/g/universalheader/universalheader_0.0.20.js&nn/lib/metro/g/tabbar/tabbar_0.0.37.js&nn/lib/metro/g/uiplugins/transport_helper_service_0.0.3.js&nn/lib/metro/g/uiplugins/login_service_0.0.46.js&nn/lib/metro/g/tuc/tuc_0.0.63.js&nn/lib/metro/g/login/login_0.0.36.js&nn/lib/metro/g/mail/mail_0.0.47.js&nn/lib/metro/g/windowshade/windowshade_0.0.13.js&nn/lib/metro/g/navrail/navrail_0.0.73.js&nn/lib/metro/g/sda/sda_0.1.48.js&nn/lib/metro/g/adsfallback/adsfallback_0.0.36.js&nn/lib/metro/g/appscontainer/appscontainer_0.0.34.js&nn/lib/metro/g/weather/weather_0.1.33.js&nn/lib/metro/g/finance/finance_0.1.135.js&nn/lib/metro/g/sportacular/sportacular_0.0.38.js&nn/lib/metro/g/flickr/flickr_0.0.14.js&nn/lib/metro/g/topvideos/topvideos_0.0.15.js&nn/lib/metro/g/birthday/birthday_0.0.13.js&nn/lib/metro/g/horoscope/horoscope_0.1.50.js&nn/lib/metro/g/comics/comics_0.0.22.js&nn/lib/metro/g/todaycontainer/todaycontainer_0.0.12.js&nn/lib/metro/g/fptoday/fptoday_hover_1.5.43.js&nn/lib/metro/g/offlead/offlead_0.0.30.js&nn/lib/metro/g/uiplugins/storage_service_0.0.1.js&nn/lib/metro/g/fstream/fstream_0.0.110.js&nn/lib/metro/g/stream/stream_0.0.513.js&nn/lib/metro/g/uiplugins/interests_service_0.1.1.js&nn/lib/metro/g/stream/stream_action_drawer_0.0.41.js&nn/lib/metro/g/masthead/masthead_0.2.294.js HTTP/1.1 200 73565
l1.yimg.com GET /dh/ap/default/121210/31_IE6.png HTTP/1.1 200 3947
l4.yimg.com GET /dh/ap/default/121210/33_IE6.png HTTP/1.1 200 4559
l2.yimg.com GET /dh/ap/default/121210/39_IE6.png HTTP/1.1 200 5725
l1.yimg.com GET /a/i/us/sp/v/nba/teams/1/50x50w/por.gif HTTP/1.1 200 1448
l3.yimg.com GET /a/i/us/sp/v/nba/teams/50x50w/okc.jpg HTTP/1.1 200 5025
l1.yimg.com GET /av/moneyball/ads/215346-1372357456-182.png HTTP/1.1 200 14727
l2.yimg.com GET /a/i/us/sp/v/nhl/teams/1/50x50w/cgy.gif HTTP/1.1 200 1295
l3.yimg.com GET /a/i/us/sp/v/nhl/teams/1/50x50w/pho_2.gif HTTP/1.1 200 1045
l2.yimg.com GET /dh/ap/ap/default/120507/bkn_50x50w.gif HTTP/1.1 200 3323
l3.yimg.com GET /a/i/us/sp/v/nba/teams/1/50x50w/ind.gif HTTP/1.1 200 1359
l3.yimg.com GET /ts/api/res/1.2/OVUQmDM7s4hg56U3dydVhA--/YXBwaWQ9eWhvbWVydW47cT04NTtzbT0xO3c9MjUwO2g9MTQx/http://media.zenfs.com/en_us/gma/us.abcnews.gma.com/gty_paul_walker_ll_131203_16x9_992.jpg HTTP/1.1 200 6044
l4.yimg.com GET /a/i/us/sp/v/nba/teams/1/50x50w/uth2.gif HTTP/1.1 200 2403
l1.yimg.com GET /a/i/us/sp/v/nhl/teams/1/50x50w/phi.gif HTTP/1.1 200 907
l2.yimg.com GET /a/i/us/sp/v/nba/teams/1/50x50w/lac.gif HTTP/1.1 200 1436
l4.yimg.com GET /a/i/us/sp/v/nfl/teams/1/50x50w/hou.gif HTTP/1.1 200 1173
l4.yimg.com GET /j/assets/ipt/50x50w.3.gif HTTP/1.1 200 3118
l4.yimg.com GET /a/i/us/sp/v/nhl/teams/1/50x50w/det.gif HTTP/1.1 200 1672
l1.yimg.com GET /ts/api/res/1.2/0zZxX3JbDl7xsILjADQQHg--/YXBwaWQ9eWhvbWVydW47cT04NTtzbT0xO3c9MjUwO2g9MTcy/http://media.zenfs.com/en_US/News/LiveScience.com/homo-heidelbergensis-illustration.jpg1386176576 HTTP/1.1 200 10457
l4.yimg.com GET /a/i/us/sp/v/nba/teams/1/50x50w/kni_w.jpg HTTP/1.1 200 4840
l4.yimg.com GET /a/i/us/sp/v/nfl/teams/1/50x50w/was.gif HTTP/1.1 200 1390
l3.yimg.com GET /ts/api/res/1.2/CSPUOi5SsVQdP57PLisPsw--/YXBwaWQ9eWhvbWVydW47cT00NTtzbT0xO2ZpPWZpbGw7dz0xNjQ7aD0xNjQ7cHlvZmY9MA--/http://media.zenfs.com/en_us/News/Huffington%20Post/Pamela_Anderson_Is_Now_A-54b4e93e65bbd7085d1491c5453cb192 HTTP/1.1 200 3588
l2.yimg.com GET /a/i/us/sp/v/nfl/teams/1/50x50w/kan.gif HTTP/1.1 200 1176
l2.yimg.com GET /a/i/us/sp/v/nba/teams/1/50x50w/mem2.gif HTTP/1.1 200 2247
l2.yimg.com GET /ts/api/res/1.2/mEi0ZOIl_hQjC7QEGBoAzg--/YXBwaWQ9eWhvbWVydW47cT00NTtzbT0xO2ZpPWZpbGw7dz0xNjQ7aD0xNjQ7cHlvZmY9MA--/http://media.zenfs.com/en_us/News/Huffington%20Post/Beyonce_Posts_Bikini_Photos_From-a2ecf953dd512136700ce33c2ee0cf24 HTTP/1.1 200 4795
l2.yimg.com GET /ts/api/res/1.2/1fcDR0cZF9LhRLNAFG26Nw--/YXBwaWQ9eWhvbWVydW47cT00NTtzbT0xO2ZpPWZpbGw7dz0xNjQ7aD0xNjQ7cHlvZmY9MA--/http://media.zenfs.com/en_us/News/Huffington%20Post/Julianne_Hough_Undergoes_Hair_Transformation,-037011cfe2ce8769b23918d15544d16d HTTP/1.1 200 4044
l4.yimg.com GET /ts/api/res/1.2/BCLxSOjO0OigfV172dt7rQ--/YXBwaWQ9eWhvbWVydW47cT00NTtzbT0xO2ZpPWZpbGw7dz0xNjQ7aD0xNjQ7cHlvZmY9MA--/http://media.zenfs.com/en_us/News/Huffington%20Post/Jada_Pinkett_Smith_Rocked_A-2e11ca0e25e5e19ba0f8ba42244080fe HTTP/1.1 200 3231
l.yimg.com GET /a/i/ww/met/anim_loading_sm_082208.gif HTTP/1.1 200 1463
l2.yimg.com GET /dh/ap/default/121010/finance_icons_sprite.png HTTP/1.1 200 580
y.analytics.yahoo.com GET /fpc.pl?_cb=p6I06a3GrNQN&.ys=2023538075&a=10001806365479&b=Yahoo&d=Wed%20Dec%2004%202013%2023%3A55%3A31%20GMT-0800%20(PST)&f=http%3A%2F%2Fwww.yahoo.com%2F&j=2560x1336&k=24&t=1386230131&l=true&dpid=4200436672&cf14=900&cf13=1&cf12=us&cf11=0&cf40=0&cf41=142&cf43=1276&cf44=1306&cf45=2368 HTTP/1.1 200 238
us-locdrop.query.yahoo.com GET /v1/public/yql?q=select%20*%20from%20user.location.public%20where%20ctx%3D%22*%22%20and%20type%3D%22*%22%20and%20crumb%3D%22null%22%20and%20locale%3D%22en_US%22&format=json&callback=YUI.Env.JSONP.yui_3_8_1_1_1386230130064_369 HTTP/1.1 200 -1
l3.yimg.com GET /rl/ulw/img/ulw_sprite.gif HTTP/1.1 200 2344
ci.beap.ad.yieldmanager.net GET /reg_ci?bv=1.0.0&bs=(144s4lbal(gid$zDBe_s6.J4t0u_ESVW4V0BBvYviQnVKgMVoAAsUN,si$4452051,sp$2023538075,bi$1997722051,cr$3814024051,cpcv$1,v$2.0,st$1386230106216645))&al=(as$11ve8p2at,aid$4MbtR2KLc2I-,ct$25,id(seq$20,label$browser_flash,type$click,time$0.05897018509747831)) HTTP/1.1 200 -1
l.yimg.com GET /cv/eng/ford/131205/a/ford_mustang_yahoo_1000x438_float.swf HTTP/1.1 200 216146
l.yimg.com GET /cv/eng/ford/131205/a/ford_mustang_yahoo_300x250_tandem.swf HTTP/1.1 200 74310
www.yahoo.com GET /p.gif;_ylp=A86.JsJaMaBS56AAy6ybvZx4?t=1386230131671&hpset=0 HTTP/1.1 204 0
ad.yieldmanager.com GET /imp?Z=120x45&i=1413372&u=www.yahoo.com&O=1&S=3177719&_salt=1386230106.246157&cnt=yan&t=1&ad_type=javascript&ad_size=120x45&D=smpv%3d3%26ed%3dzAomdEK4kVlLEwPJzY9ymGAOYnsmpdPmm7s-&yud=smpv%3d3%26ed%3dzAomdEK4kVlLEwPJzY9ymGAOYnsmpdPmm7s-&B=12&m=2 HTTP/1.1 302 -1
ci.beap.ad.yieldmanager.net GET /reg_ci?bv=1.0.0&bs=(144610vm4(gid$zDBe_s6.J4t0u_ESVW4V0BBvYviQnVKgMVoAAsUN,si$4452051,sp$2023538075,bi$1999837551,cr$3824807551,cpcv$1,v$2.0,st$1386230106216645))&al=(as$11vm56rl1,aid$MCXvR2KLc2I-,ct$25,id(seq$20,label$browser_flash,type$click,time$0.4753930151313891)) HTTP/1.1 200 -1
ads.yahoo.com GET /imp?Z=120x45&i=1413372&u=www.yahoo.com&O=1&S=3177719&_salt=1386230106.246157&cnt=yan&t=1&ad_type=javascript&ad_size=120x45&D=smpv%3d3%26ed%3dzAomdEK4kVlLEwPJzY9ymGAOYnsmpdPmm7s-&yud=smpv%3d3%26ed%3dzAomdEK4kVlLEwPJzY9ymGAOYnsmpdPmm7s-&B=12&m=2&_isd=1&_xcf=0&rmxbkn=0&_cbv=3033792916 HTTP/1.1 200 -1
ci.beap.ad.yieldmanager.net GET /reg_ci?bv=1.0.0&bs=(144s4lbal(gid$zDBe_s6.J4t0u_ESVW4V0BBvYviQnVKgMVoAAsUN,si$4452051,sp$2023538075,bi$1997722051,cr$3814024051,cpcv$1,v$2.0,st$1386230106216645))&al=(as$11ve8p2at,aid$4MbtR2KLc2I-,ct$25,id(seq$1056,label$done,type$click,time$0.9149123720578883)) HTTP/1.1 200 -1
l.yimg.com GET /cv/eng/ford/131205/a/ford_mustang_yahoo_300x250.swf HTTP/1.1 200 74696
clients1.google.com POST /ocsp HTTP/1.1 200 463
clients1.google.com POST /ocsp HTTP/1.1 200 463
clients1.google.com POST /ocsp HTTP/1.1 200 463
clients1.google.com POST /ocsp HTTP/1.1 200 463
www.google.com GET /url?sa=t&rct=j&q=&esrc=s&source=web&cd=1&ved=0CCwQFjAA&url=http%3A%2F%2Fwww-inst.eecs.berkeley.edu%2F~ee122%2F&ei=ZzGgUrGtIovzoASjg4DQBw&usg=AFQjCNHuAewobBRpbVpp8fcQRlR55kfrSA&bvm=bv.57155469,d.cGU HTTP/1.1 200 269
www.google.com GET /favicon.ico HTTP/1.1 200 982
www-inst.eecs.berkeley.edu GET /~ee122/ HTTP/1.1 200 2292
www-inst.eecs.berkeley.edu GET /~ee122/fa13 HTTP/1.1 301 254
www-inst.eecs.berkeley.edu GET /~ee122/fa13/class.html HTTP/1.1 200 21927
www-inst.eecs.berkeley.edu GET /~ee122/fa13/ HTTP/1.1 200 273
www-inst.eecs.berkeley.edu GET /~ee122/fa13/ HTTP/1.1 200 273
www-inst.eecs.berkeley.edu GET /~ee122/fa13/content.html HTTP/1.1 200 2925
www-inst.eecs.berkeley.edu GET /~ee122/fa13/overview.html HTTP/1.1 200 2646
www.eecs.berkeley.edu GET /Includes/EECS-images/eecslogo.gif HTTP/1.1 200 828
www-inst.eecs.berkeley.edu GET /~ee122/fa13/images/Keycard_A.png HTTP/1.1 200 324
www-inst.eecs.berkeley.edu GET /~ee122/fa13/images/Book.png HTTP/1.1 200 174
www-inst.eecs.berkeley.edu GET /~ee122/fa13/ HTTP/1.1 200 273
www-inst.eecs.berkeley.edu GET /~ee122/fa13/ HTTP/1.1 200 273
www-inst.eecs.berkeley.edu GET /~ee122/fa13/ HTTP/1.1 200 273
www-inst.eecs.berkeley.edu GET /~ee122/fa13/ HTTP/1.1 200 273
www-inst.eecs.berkeley.edu GET /~ee122/fa13/ HTTP/1.1 200 273
yahoo.com GET / HTTP/1.1 301 211
www.yahoo.com GET / HTTP/1.1 200 -1
csc.beap.bc.yahoo.com GET /yi?bv=1.0.0&bs=(136iq83dp(gid$Z2RUL86.J4u0FWcAUqAyAAnkYviQnVKgMisADQdp,st$1386230315890244,si$4452051,sp$2023538075,pv$1,v$2.0))&t=J_3-D_3&al=(as$12r68jhtk,aid$MBrNlmKLc0o-,bi$1989188551,cr$3805761551,ct$25,at$H,eob$gd1_match_id=-1:ypos=TL1)(as$12rmejnv3,aid$QB3MlmKLc0o-,bi$1997722051,cr$3814024051,ct$25,at$H,eob$gd1_match_id=-1:ypos=FPAD)(as$12r5omk2t,aid$bFnNlmKLc0o-,bi$1999837551,cr$3824807551,ct$25,at$H,eob$gd1_match_id=-1:ypos=FPAD2)(as$125ipea9b,aid$fFzMlmKLc0o-,cr$-1,ct$25,at$H,eob$gd1_match_id=-1:ypos=HDLN2)&s=0&r=0.34286126517458804 HTTP/1.1 200 -1
y.analytics.yahoo.com GET /fpc.pl?_cb=EDdwI5AI9i3t&.ys=2023538075&a=10001806365479&b=Yahoo&d=Wed%20Dec%2004%202013%2023%3A59%3A01%20GMT-0800%20(PST)&f=http%3A%2F%2Fwww.yahoo.com%2F&j=2560x1336&k=24&t=1386230341&l=true&dpid=3359051401&fpc=Zdo5RVev%7CqY57oHwNaa%7Cfses10001806365479%3D%7CqY57oHwNaa%7CZdo5RVev%7Cfvis10001806365479%3D%7C8Mo0sMYsoM%7C8Mo0sMYsoM%7C8Mo0sMYsoM%7C8%7C8Mo0sMYsoM%7C8Mo0sMYsoM&cf14=900&cf13=1&cf12=us&cf11=0&cf40=0&cf41=124&cf43=1028&cf44=1217&cf45=2612 HTTP/1.1 200 46
us-locdrop.query.yahoo.com GET /v1/public/yql?q=select%20*%20from%20user.location.public%20where%20ctx%3D%22*%22%20and%20type%3D%22*%22%20and%20crumb%3D%22bHVnWFJid09rNTk-%22%20and%20locale%3D%22en_US%22&format=json&callback=YUI.Env.JSONP.yui_3_8_1_1_1386230339617_368 HTTP/1.1 200 -1
ads.yahoo.com GET /csc?ve=2&y3IpiDF2wp33.e6Ktwb53XQ4mnxK8QHYXSBZDQb3fXBB83J_6TzdF29ETXZa_UgiyD.RRSB3hksnePR_Rmq6qIbGalYToiG_LzX4aLFgr2CYNFmhd6UB0Xl.JvvcUNw_d_8WsAaInNgTfxiIzjnyGwv1n5gFbjMDsfJcl94SUCT_S.sJghMSkhEpKRMVSFMdBit5rDdyvc6SVN9qKjmWddnwjrTE_mdrarGT11rZZ5UPNgj7uE8wFfG21yuIOuIw0Pj89cMutpAymnHPTufRpncQK4VKtl5lso5kODVAFentI_2zHH3qI1auTFmnV7QZ_57t4Yhv3OFSQYIWXRQS89E_08xoQ5bQBc9FVKsT4wQYLQhIQvj7JgKBvpvFwR7eoajBgb4NRgP02F.AcTSZDGh7TrnhDL21p7tVDYEG_0ZqTK7lD57a8FraQSy72fZ_VnHFOkyxvKSQWQitvTtr3nCISyW0TJlNFB6aKTgwAIha1sRMxcKE3NLsU.bsRtU23IqpGwi7m99zVGdD5BwQBoP_gvNh5rNK8eAmMR1_YjbYXI81TZ8bdTCHZkSukGzXYg46UYlw.4B9kKQO7CKwt2Aln.8awevkxSfVwmjrWd3iAfKW3rkKLnSCaaC7yJCP.Z7ph3yAVdtlwZ2VQ_vgP5gjdAGURGUm3FJRRpG1DqfpBIlJPbB5hJEUWU61PEEt9Pqey._54..koM0nQMDXSXZp8Tx9l3npNvOx938MHUuBq2dLbjiAPSlTns.JzrvlxdnJu_PtA2uiUocmmKaICbGSomhy_k0DNDg8ncRcb1npy8vg4PE8MRRWpMn3jK8-&pb=%7C%7C2023538075%7CSTRM%7C&ap=3&cnt=yan HTTP/1.1 200 -1
csc.beap.bc.yahoo.com GET /yi?bv=1.0.0&bs=(136uj9240(gid$c41hFM6.J4v4srMYc_UStRjsYviQnVKgMjoAC70u,st$1386230330803144,si$4452051,sp$2023538075,pv$1,v$2.0))&t=J_3-D_3&al=(as$12rufrrek,aid$CLUXo2KLc14-,bi$1619769051,cr$3244628551,ct$25,at$H,eob$gd1_match_id=-1:ypos=TL1)(as$12rb3s7re,aid$OOkWo2KLc14-,bi$1997722051,cr$3814024051,ct$25,at$H,eob$gd1_match_id=-1:ypos=FPAD)(as$12rc346h1,aid$_OcXo2KLc14-,bi$1999837551,cr$3824807551,ct$25,at$H,eob$gd1_match_id=-1:ypos=FPAD2)(as$1257d5vi3,aid$LBwXo2KLc14-,cr$-1,ct$25,at$H,eob$gd1_match_id=-1:ypos=HDLN2)&s=0&r=0.8063936250658224 HTTP/1.1 200 -1
y.analytics.yahoo.com GET /fpc.pl?_cb=qMQzytXNyB4o&.ys=2023538075&a=10001806365479&b=Yahoo&d=Wed%20Dec%2004%202013%2023%3A59%3A15%20GMT-0800%20(PST)&f=http%3A%2F%2Fwww.yahoo.com%2F&j=2560x1336&k=24&t=1386230355&l=true&dpid=3820378799&cf14=900&cf13=1&cf12=us&cf11=0&cf40=0&cf41=104&cf43=974&cf44=1158&cf45=2215 HTTP/1.1 200 238
www.yahoo.com GET /p.gif;_ylp=A86.IqY6MqBSt34BwzGbvZx4?t=1386230356101&hpset=1 HTTP/1.1 204 0
www.yahoo.com GET / HTTP/1.1 200 -1
csc.beap.bc.yahoo.com GET /yi?bv=1.0.0&bs=(1361jqei8(gid$ubrCJs6.J4s0.uJPUqAyOgjmYviQnVKgMj8AC7Sp,st$1386230335804439,si$4452051,sp$2023538075,pv$1,v$2.0))&t=J_3-D_3&al=(as$12rgnt904,aid$UPJnKGKLc0o-,bi$1619769051,cr$3244628551,ct$25,at$H,eob$gd1_match_id=-1:ypos=TL1)(as$12rrqdmii,aid$DOZnKGKLc0o-,bi$1997722051,cr$3814024051,ct$25,at$H,eob$gd1_match_id=-1:ypos=FPAD)(as$12rkkm2sc,aid$YfVnKGKLc0o-,bi$1999837551,cr$3824807551,ct$25,at$H,eob$gd1_match_id=-1:ypos=FPAD2)(as$125i70mqp,aid$HelnKGKLc0o-,cr$-1,ct$25,at$H,eob$gd1_match_id=-1:ypos=HDLN2)&s=0&r=0.05366853893667678 HTTP/1.1 200 -1
y.analytics.yahoo.com GET /fpc.pl?_cb=LQZU80xzVKqn&.ys=2023538075&a=10001806365479&b=Yahoo&d=Wed%20Dec%2004%202013%2023%3A59%3A20%20GMT-0800%20(PST)&f=http%3A%2F%2Fwww.yahoo.com%2F&j=2560x1336&k=24&t=1386230360&l=true&dpid=3820378799&fpc=ZRKwjFSi%7C1FTspHwNaa%7Cfses10001806365479%3D%7C1FTspHwNaa%7CZRKwjFSi%7Cfvis10001806365479%3D%7C8Mo0sMYMMM%7C8Mo0sMYMMM%7C8Mo0sMYMMM%7C8%7C8Mo0sMYMMM%7C8Mo0sMYMMM&cf14=900&cf13=1&cf12=us&cf11=0&cf40=0&cf41=135&cf43=822&cf44=1194&cf45=2427 HTTP/1.1 200 46
us-locdrop.query.yahoo.com GET /v1/public/yql?q=select%20*%20from%20user.location.public%20where%20ctx%3D%22*%22%20and%20type%3D%22*%22%20and%20crumb%3D%22ZDQ3ZERrUGdSVkY-%22%20and%20locale%3D%22en_US%22&format=json&callback=YUI.Env.JSONP.yui_3_8_1_1_1386230359470_368 HTTP/1.1 200 -1
ads.yahoo.com GET /imp?Z=120x45&i=1413372&u=www.yahoo.com&O=1&S=3177719&_salt=1386230335.835796&cnt=yan&t=1&ad_type=javascript&ad_size=120x45&D=smpv%3d3%26ed%3dzAomdEK4kVlLEwPJzY9ymGAOYnsmpdPmm7s-&yud=smpv%3d3%26ed%3dzAomdEK4kVlLEwPJzY9ymGAOYnsmpdPmm7s-&B=12&m=2&_isd=1&_xcf=0&rmxbkn=0&_cbv=3217038174 HTTP/1.1 200 -1
ads.yahoo.com GET /csc?ve=2&cDMPjAl2wp07BQeOSrlVbx92eyfYrcyiqbjhTr0GAnlw0qaZzDtMyF8By5ZtpfS3xKyghV2CkiMEgp2k76ui84fiSgLD7paw3fSgl4VySMuGm1ciYz.8RNj7nTyPVSnhdsGFR1Q4grVhL9wvgLH5O8oNaTEoHLN5mAWJHHmTqfZnD3ATRDlVXMhqvtn1y5dJ6CjFCuAhtJ0uWiD1GOH_nBjV0Ds254C3Q5j3L0ZIdZ9LiVc8R5okI9iYupDf8N20pqfadToAWE85ZQSqAGfdq8S0VxUmR2y.ppBox8GOP1y2TIEqygPnz3YBwgBEL5Z4oWS7swTQ.f_I7pXwN1Q_bqSToNZllG_t3FZs7cq1iZc0X34b0Bx3JrTrv0GyB8JKo1LgiHoMVkj6x28bkUq41hl3kTwfR_hGu.KcpD.CBG1nTPrrmz_mcjvyn51MSVTWUvJE49ZE.3HwuVbKZQpyc2Nh0Bd3FaMfWW_EY59TgPsLAC9JHEeU2Esr9PL4ly1qigS5abh4aHc9NzcS16GcooinvCUbwLV_srbkhjUv7O0lMgTRMG8BgUUkkdrZ6zeczM4XPp0XzzfnMFunr4WA26IZkjppsTGgME9YJSSm4aifLEkTFQKkQmRN7eMon8WtcyCRvudDfyjQ3Y22r1xacRM6ssacSK8xiBPl6_8cEFQNfCxFQ_RPNWD5EmeTwVftQazRUlCKS2i3g75nSjiofFbtclZZBYelzqSzJoBA_JqbJ5b7pSXO8BvScmhYP07Dm987mim1Byuub9lpygcSFxZKC8w1_QKtQVj31ebV6MlVmAYMqnl0u4wJvsADPAE-&pb=%7C%7C2023538075%7CSTRM%7C&ap=3&cnt=yan HTTP/1.1 200 -1
ads.yahoo.com GET /pixel?id=2155814&t=2&piggyback=http%3A%2F%2Fad.yieldmanager.com%2Fcms%2Fv1%3Fesig%3D1~862d802dd86fb59368388ad078a7f298ddbbd0b7%26nwid%3D10000424978%26sigv%3D1&_msd=1&_xcf=0&rmxbkn=0&_cbv=3175122038 HTTP/1.1 302 -1
ads.yahoo.com GET /cms/v1?esig=1~65c748d283ef3bc4e68485fe6275d8bb43ca6d1e&nwid=10000648255&sigv=1 HTTP/1.1 400 -1
157.166.226.25 GET / HTTP/1.1 301 -1
157.166.249.11 GET /US/?hpt=sitenav HTTP/1.1 200 -1
157.166.249.11 GET /US/?hpt=sitenav HTTP/1.1 200 -1
